# JRE version: Java(TM) SE Runtime Environment (8.0_102-b14) (build 1.8.0_102-b14)
# Java VM: Java HotSpot(TM) 64-Bit Server VM (25.102-b14 mixed mode bsd-amd64 compressed oops)
Heap:
 PSYoungGen      total 40448K, used 23138K [0x0000000795580000, 0x0000000798900000, 0x00000007c0000000)
  eden space 30208K, 54% used [0x0000000795580000,0x000000079659e8b8,0x0000000797300000)
  from space 10240K, 64% used [0x0000000797f00000,0x000000079857a050,0x0000000798900000)
  to   space 11264K, 0% used [0x0000000797300000,0x0000000797300000,0x0000000797e00000)
 ParOldGen       total 53760K, used 12181K [0x0000000740000000, 0x0000000743480000, 0x0000000795580000)
  object space 53760K, 22% used [0x0000000740000000,0x0000000740be56a0,0x0000000743480000)
 Metaspace       used 32806K, capacity 34226K, committed 34560K, reserved 1079296K
  class space    used 4294K, capacity 4555K, committed 4608K, reserved 1048576K
GC Heap History (10 events):
Event: 396.880 GC heap before
{Heap before GC invocations=7 (full 1):
 PSYoungGen      total 37888K, used 37864K [0x0000000795580000, 0x0000000798e80000, 0x00000007c0000000)
  eden space 32768K, 100% used [0x0000000795580000,0x0000000797580000,0x0000000797580000)
  from space 5120K, 99% used [0x0000000797600000,0x0000000797afa020,0x0000000797b00000)
  to   space 12800K, 0% used [0x0000000798200000,0x0000000798200000,0x0000000798e80000)
 ParOldGen       total 53760K, used 12139K [0x0000000740000000, 0x0000000743480000, 0x0000000795580000)
  object space 53760K, 22% used [0x0000000740000000,0x0000000740bdad20,0x0000000743480000)
 Metaspace       used 31889K, capacity 33332K, committed 33536K, reserved 1079296K
  class space    used 4240K, capacity 4500K, committed 4608K, reserved 1048576K
Event: 396.908 GC heap after
Heap after GC invocations=7 (full 1):
 PSYoungGen      total 45056K, used 9013K [0x0000000795580000, 0x0000000798f00000, 0x00000007c0000000)
  eden space 32256K, 0% used [0x0000000795580000,0x0000000795580000,0x0000000797500000)
  from space 12800K, 70% used [0x0000000798200000,0x0000000798acd5b8,0x0000000798e80000)
  to   space 13312K, 0% used [0x0000000797500000,0x0000000797500000,0x0000000798200000)
 ParOldGen       total 53760K, used 12147K [0x0000000740000000, 0x0000000743480000, 0x0000000795580000)
  object space 53760K, 22% used [0x0000000740000000,0x0000000740bdcd20,0x0000000743480000)
 Metaspace       used 31889K, capacity 33332K, committed 33536K, reserved 1079296K
  class space    used 4240K, capacity 4500K, committed 4608K, reserved 1048576K
}
Event: 660.206 GC heap before
{Heap before GC invocations=8 (full 1):
 PSYoungGen      total 45056K, used 41269K [0x0000000795580000, 0x0000000798f00000, 0x00000007c0000000)
  eden space 32256K, 100% used [0x0000000795580000,0x0000000797500000,0x0000000797500000)
  from space 12800K, 70% used [0x0000000798200000,0x0000000798acd5b8,0x0000000798e80000)
  to   space 13312K, 0% used [0x0000000797500000,0x0000000797500000,0x0000000798200000)
 ParOldGen       total 53760K, used 12147K [0x0000000740000000, 0x0000000743480000, 0x0000000795580000)
  object space 53760K, 22% used [0x0000000740000000,0x0000000740bdcf38,0x0000000743480000)
 Metaspace       used 32288K, capacity 33710K, committed 34048K, reserved 1079296K
  class space    used 4274K, capacity 4537K, committed 4608K, reserved 1048576K
Event: 660.228 GC heap after
Heap after GC invocations=8 (full 1):
 PSYoungGen      total 37888K, used 6024K [0x0000000795580000, 0x0000000798d80000, 0x00000007c0000000)
  eden space 31744K, 0% used [0x0000000795580000,0x0000000795580000,0x0000000797480000)
  from space 6144K, 98% used [0x0000000797500000,0x0000000797ae2070,0x0000000797b00000)
  to   space 12800K, 0% used [0x0000000798100000,0x0000000798100000,0x0000000798d80000)
 ParOldGen       total 53760K, used 12155K [0x0000000740000000, 0x0000000743480000, 0x0000000795580000)
  object space 53760K, 22% used [0x0000000740000000,0x0000000740bdef38,0x0000000743480000)
 Metaspace       used 32288K, capacity 33710K, committed 34048K, reserved 1079296K
  class space    used 4274K, capacity 4537K, committed 4608K, reserved 1048576K
}
Event: 815.677 GC heap before
{Heap before GC invocations=9 (full 1):
 PSYoungGen      total 37888K, used 37768K [0x0000000795580000, 0x0000000798d80000, 0x00000007c0000000)
  eden space 31744K, 100% used [0x0000000795580000,0x0000000797480000,0x0000000797480000)
  from space 6144K, 98% used [0x0000000797500000,0x0000000797ae2070,0x0000000797b00000)
  to   space 12800K, 0% used [0x0000000798100000,0x0000000798100000,0x0000000798d80000)
 ParOldGen       total 53760K, used 12157K [0x0000000740000000, 0x0000000743480000, 0x0000000795580000)
  object space 53760K, 22% used [0x0000000740000000,0x0000000740bdf6a0,0x0000000743480000)
 Metaspace       used 32420K, capacity 33782K, committed 34048K, reserved 1079296K
  class space    used 4280K, capacity 4537K, committed 4608K, reserved 1048576K
Event: 815.700 GC heap after
Heap after GC invocations=9 (full 1):
 PSYoungGen      total 42496K, used 5928K [0x0000000795580000, 0x0000000798c00000, 0x00000007c0000000)
  eden space 31232K, 0% used [0x0000000795580000,0x0000000795580000,0x0000000797400000)
  from space 11264K, 52% used [0x0000000798100000,0x00000007986ca070,0x0000000798c00000)
  to   space 12288K, 0% used [0x0000000797400000,0x0000000797400000,0x0000000798000000)
 ParOldGen       total 53760K, used 12165K [0x0000000740000000, 0x0000000743480000, 0x0000000795580000)
  object space 53760K, 22% used [0x0000000740000000,0x0000000740be16a0,0x0000000743480000)
 Metaspace       used 32420K, capacity 33782K, committed 34048K, reserved 1079296K
  class space    used 4280K, capacity 4537K, committed 4608K, reserved 1048576K
}
Event: 1077.844 GC heap before
{Heap before GC invocations=10 (full 1):
 PSYoungGen      total 42496K, used 37160K [0x0000000795580000, 0x0000000798c00000, 0x00000007c0000000)
  eden space 31232K, 100% used [0x0000000795580000,0x0000000797400000,0x0000000797400000)
  from space 11264K, 52% used [0x0000000798100000,0x00000007986ca070,0x0000000798c00000)
  to   space 12288K, 0% used [0x0000000797400000,0x0000000797400000,0x0000000798000000)
 ParOldGen       total 53760K, used 12165K [0x0000000740000000, 0x0000000743480000, 0x0000000795580000)
  object space 53760K, 22% used [0x0000000740000000,0x0000000740be16a0,0x0000000743480000)
 Metaspace       used 32650K, capacity 34002K, committed 34304K, reserved 1079296K
  class space    used 4289K, capacity 4547K, committed 4608K, reserved 1048576K
Event: 1077.852 GC heap after
Heap after GC invocations=10 (full 1):
 PSYoungGen      total 37888K, used 6856K [0x0000000795580000, 0x0000000798a80000, 0x00000007c0000000)
  eden space 30720K, 0% used [0x0000000795580000,0x0000000795580000,0x0000000797380000)
  from space 7168K, 95% used [0x0000000797400000,0x0000000797ab2050,0x0000000797b00000)
  to   space 11776K, 0% used [0x0000000797f00000,0x0000000797f00000,0x0000000798a80000)
 ParOldGen       total 53760K, used 12173K [0x0000000740000000, 0x0000000743480000, 0x0000000795580000)
  object space 53760K, 22% used [0x0000000740000000,0x0000000740be36a0,0x0000000743480000)
 Metaspace       used 32650K, capacity 34002K, committed 34304K, reserved 1079296K
  class space    used 4289K, capacity 4547K, committed 4608K, reserved 1048576K
}
Event: 1288.136 GC heap before
{Heap before GC invocations=11 (full 1):
 PSYoungGen      total 37888K, used 37576K [0x0000000795580000, 0x0000000798a80000, 0x00000007c0000000)
  eden space 30720K, 100% used [0x0000000795580000,0x0000000797380000,0x0000000797380000)
  from space 7168K, 95% used [0x0000000797400000,0x0000000797ab2050,0x0000000797b00000)
  to   space 11776K, 0% used [0x0000000797f00000,0x0000000797f00000,0x0000000798a80000)
 ParOldGen       total 53760K, used 12173K [0x0000000740000000, 0x0000000743480000, 0x0000000795580000)
  object space 53760K, 22% used [0x0000000740000000,0x0000000740be36a0,0x0000000743480000)
 Metaspace       used 32782K, capacity 34130K, committed 34304K, reserved 1079296K
  class space    used 4289K, capacity 4547K, committed 4608K, reserved 1048576K
Event: 1288.150 GC heap after
Heap after GC invocations=11 (full 1):
 PSYoungGen      total 40448K, used 6632K [0x0000000795580000, 0x0000000798900000, 0x00000007c0000000)
  eden space 30208K, 0% used [0x0000000795580000,0x0000000795580000,0x0000000797300000)
  from space 10240K, 64% used [0x0000000797f00000,0x000000079857a050,0x0000000798900000)
  to   space 11264K, 0% used [0x0000000797300000,0x0000000797300000,0x0000000797e00000)
 ParOldGen       total 53760K, used 12181K [0x0000000740000000, 0x0000000743480000, 0x0000000795580000)
  object space 53760K, 22% used [0x0000000740000000,0x0000000740be56a0,0x0000000743480000)
 Metaspace       used 32782K, capacity 34130K, committed 34304K, reserved 1079296K
  class space    used 4289K, capacity 4547K, committed 4608K, reserved 1048576K
}

