# JRE version: Java(TM) SE Runtime Environment (8.0_102-b14) (build 1.8.0_102-b14)
# Java VM: Java HotSpot(TM) 64-Bit Server VM (25.102-b14 mixed mode bsd-amd64 compressed oops)
Heap:
 PSYoungGen      total 32256K, used 22592K [0x0000000795580000, 0x0000000798880000, 0x00000007c0000000)
  eden space 29696K, 68% used [0x0000000795580000,0x00000007969502c0,0x0000000797280000)
  from space 2560K, 90% used [0x0000000797300000,0x0000000797540000,0x0000000797580000)
  to   space 11264K, 0% used [0x0000000797d80000,0x0000000797d80000,0x0000000798880000)
 ParOldGen       total 53760K, used 11850K [0x0000000740000000, 0x0000000743480000, 0x0000000795580000)
  object space 53760K, 22% used [0x0000000740000000,0x0000000740b92970,0x0000000743480000)
 Metaspace       used 29540K, capacity 30932K, committed 31232K, reserved 1077248K
  class space    used 4008K, capacity 4276K, committed 4352K, reserved 1048576K
GC Heap History (10 events):
Event: 122.407 GC heap before
{Heap before GC invocations=8 (full 1):
 PSYoungGen      total 44544K, used 34464K [0x0000000795580000, 0x0000000798f00000, 0x00000007c0000000)
  eden space 32256K, 100% used [0x0000000795580000,0x0000000797500000,0x0000000797500000)
  from space 12288K, 17% used [0x0000000798300000,0x0000000798528000,0x0000000798f00000)
  to   space 13312K, 0% used [0x0000000797500000,0x0000000797500000,0x0000000798200000)
 ParOldGen       total 53760K, used 11624K [0x0000000740000000, 0x0000000743480000, 0x0000000795580000)
  object space 53760K, 21% used [0x0000000740000000,0x0000000740b5a210,0x0000000743480000)
 Metaspace       used 29384K, capacity 30772K, committed 30976K, reserved 1075200K
  class space    used 4002K, capacity 4268K, committed 4352K, reserved 1048576K
Event: 122.414 GC heap after
Heap after GC invocations=8 (full 1):
 PSYoungGen      total 34304K, used 2240K [0x0000000795580000, 0x0000000798e80000, 0x00000007c0000000)
  eden space 31744K, 0% used [0x0000000795580000,0x0000000795580000,0x0000000797480000)
  from space 2560K, 87% used [0x0000000797500000,0x0000000797730000,0x0000000797780000)
  to   space 13312K, 0% used [0x0000000798180000,0x0000000798180000,0x0000000798e80000)
 ParOldGen       total 53760K, used 11632K [0x0000000740000000, 0x0000000743480000, 0x0000000795580000)
  object space 53760K, 21% used [0x0000000740000000,0x0000000740b5c210,0x0000000743480000)
 Metaspace       used 29384K, capacity 30772K, committed 30976K, reserved 1075200K
  class space    used 4002K, capacity 4268K, committed 4352K, reserved 1048576K
}
Event: 141.400 GC heap before
{Heap before GC invocations=9 (full 1):
 PSYoungGen      total 34304K, used 33984K [0x0000000795580000, 0x0000000798e80000, 0x00000007c0000000)
  eden space 31744K, 100% used [0x0000000795580000,0x0000000797480000,0x0000000797480000)
  from space 2560K, 87% used [0x0000000797500000,0x0000000797730000,0x0000000797780000)
  to   space 13312K, 0% used [0x0000000798180000,0x0000000798180000,0x0000000798e80000)
 ParOldGen       total 53760K, used 11814K [0x0000000740000000, 0x0000000743480000, 0x0000000795580000)
  object space 53760K, 21% used [0x0000000740000000,0x0000000740b89a30,0x0000000743480000)
 Metaspace       used 29426K, capacity 30772K, committed 30976K, reserved 1075200K
  class space    used 4002K, capacity 4268K, committed 4352K, reserved 1048576K
Event: 141.413 GC heap after
Heap after GC invocations=9 (full 1):
 PSYoungGen      total 43008K, used 2240K [0x0000000795580000, 0x0000000798d00000, 0x00000007c0000000)
  eden space 31232K, 0% used [0x0000000795580000,0x0000000795580000,0x0000000797400000)
  from space 11776K, 19% used [0x0000000798180000,0x00000007983b0000,0x0000000798d00000)
  to   space 12800K, 0% used [0x0000000797400000,0x0000000797400000,0x0000000798080000)
 ParOldGen       total 53760K, used 11822K [0x0000000740000000, 0x0000000743480000, 0x0000000795580000)
  object space 53760K, 21% used [0x0000000740000000,0x0000000740b8ba30,0x0000000743480000)
 Metaspace       used 29426K, capacity 30772K, committed 30976K, reserved 1075200K
  class space    used 4002K, capacity 4268K, committed 4352K, reserved 1048576K
}
Event: 156.066 GC heap before
{Heap before GC invocations=10 (full 1):
 PSYoungGen      total 43008K, used 33472K [0x0000000795580000, 0x0000000798d00000, 0x00000007c0000000)
  eden space 31232K, 100% used [0x0000000795580000,0x0000000797400000,0x0000000797400000)
  from space 11776K, 19% used [0x0000000798180000,0x00000007983b0000,0x0000000798d00000)
  to   space 12800K, 0% used [0x0000000797400000,0x0000000797400000,0x0000000798080000)
 ParOldGen       total 53760K, used 11824K [0x0000000740000000, 0x0000000743480000, 0x0000000795580000)
  object space 53760K, 21% used [0x0000000740000000,0x0000000740b8c1d0,0x0000000743480000)
 Metaspace       used 29461K, capacity 30772K, committed 30976K, reserved 1075200K
  class space    used 4003K, capacity 4268K, committed 4352K, reserved 1048576K
Event: 156.081 GC heap after
Heap after GC invocations=10 (full 1):
 PSYoungGen      total 33280K, used 2368K [0x0000000795580000, 0x0000000798b80000, 0x00000007c0000000)
  eden space 30720K, 0% used [0x0000000795580000,0x0000000795580000,0x0000000797380000)
  from space 2560K, 92% used [0x0000000797400000,0x0000000797650000,0x0000000797680000)
  to   space 12288K, 0% used [0x0000000797f80000,0x0000000797f80000,0x0000000798b80000)
 ParOldGen       total 53760K, used 11832K [0x0000000740000000, 0x0000000743480000, 0x0000000795580000)
  object space 53760K, 22% used [0x0000000740000000,0x0000000740b8e1d0,0x0000000743480000)
 Metaspace       used 29461K, capacity 30772K, committed 30976K, reserved 1075200K
  class space    used 4003K, capacity 4268K, committed 4352K, reserved 1048576K
}
Event: 170.649 GC heap before
{Heap before GC invocations=11 (full 1):
 PSYoungGen      total 33280K, used 33088K [0x0000000795580000, 0x0000000798b80000, 0x00000007c0000000)
  eden space 30720K, 100% used [0x0000000795580000,0x0000000797380000,0x0000000797380000)
  from space 2560K, 92% used [0x0000000797400000,0x0000000797650000,0x0000000797680000)
  to   space 12288K, 0% used [0x0000000797f80000,0x0000000797f80000,0x0000000798b80000)
 ParOldGen       total 53760K, used 11834K [0x0000000740000000, 0x0000000743480000, 0x0000000795580000)
  object space 53760K, 22% used [0x0000000740000000,0x0000000740b8e970,0x0000000743480000)
 Metaspace       used 29474K, capacity 30772K, committed 30976K, reserved 1075200K
  class space    used 4003K, capacity 4268K, committed 4352K, reserved 1048576K
Event: 170.661 GC heap after
Heap after GC invocations=11 (full 1):
 PSYoungGen      total 40960K, used 2432K [0x0000000795580000, 0x0000000798a00000, 0x00000007c0000000)
  eden space 30208K, 0% used [0x0000000795580000,0x0000000795580000,0x0000000797300000)
  from space 10752K, 22% used [0x0000000797f80000,0x00000007981e0000,0x0000000798a00000)
  to   space 11776K, 0% used [0x0000000797300000,0x0000000797300000,0x0000000797e80000)
 ParOldGen       total 53760K, used 11842K [0x0000000740000000, 0x0000000743480000, 0x0000000795580000)
  object space 53760K, 22% used [0x0000000740000000,0x0000000740b90970,0x0000000743480000)
 Metaspace       used 29474K, capacity 30772K, committed 30976K, reserved 1075200K
  class space    used 4003K, capacity 4268K, committed 4352K, reserved 1048576K
}
Event: 181.145 GC heap before
{Heap before GC invocations=12 (full 1):
 PSYoungGen      total 40960K, used 32640K [0x0000000795580000, 0x0000000798a00000, 0x00000007c0000000)
  eden space 30208K, 100% used [0x0000000795580000,0x0000000797300000,0x0000000797300000)
  from space 10752K, 22% used [0x0000000797f80000,0x00000007981e0000,0x0000000798a00000)
  to   space 11776K, 0% used [0x0000000797300000,0x0000000797300000,0x0000000797e80000)
 ParOldGen       total 53760K, used 11842K [0x0000000740000000, 0x0000000743480000, 0x0000000795580000)
  object space 53760K, 22% used [0x0000000740000000,0x0000000740b90970,0x0000000743480000)
 Metaspace       used 29496K, capacity 30836K, committed 31232K, reserved 1077248K
  class space    used 4003K, capacity 4268K, committed 4352K, reserved 1048576K
Event: 181.157 GC heap after
Heap after GC invocations=12 (full 1):
 PSYoungGen      total 32256K, used 2304K [0x0000000795580000, 0x0000000798880000, 0x00000007c0000000)
  eden space 29696K, 0% used [0x0000000795580000,0x0000000795580000,0x0000000797280000)
  from space 2560K, 90% used [0x0000000797300000,0x0000000797540000,0x0000000797580000)
  to   space 11264K, 0% used [0x0000000797d80000,0x0000000797d80000,0x0000000798880000)
 ParOldGen       total 53760K, used 11850K [0x0000000740000000, 0x0000000743480000, 0x0000000795580000)
  object space 53760K, 22% used [0x0000000740000000,0x0000000740b92970,0x0000000743480000)
 Metaspace       used 29496K, capacity 30836K, committed 31232K, reserved 1077248K
  class space    used 4003K, capacity 4268K, committed 4352K, reserved 1048576K
}

